#
# There is insufficient memory for the Java Runtime Environment to continue.
# Native memory allocation (mmap) failed to map 134217728 bytes for Failed to commit area from 0x0000000081400000 to 0x0000000089400000 of length 134217728.
# Possible reasons:
#   The system is out of physical RAM or swap space
#   The process is running with CompressedOops enabled, and the Java Heap may be blocking the growth of the native heap
# Possible solutions:
#   Reduce memory load on the system
#   Increase physical memory or swap space
#   Check if swap backing store is full
#   Decrease Java heap size (-Xmx/-Xms)
#   Decrease number of Java threads
#   Decrease Java thread stack sizes (-Xss)
#   Set larger code cache with -XX:ReservedCodeCacheSize=
# This output file may be truncated or incomplete.
#
#  Out of Memory Error (c:/BuildAgent/work/5ff2f6c26000d570/src/hotspot/os/windows/os_windows.cpp:3291), pid=18600, tid=17208
#
# JRE version:  (11.0.5+10) (build )
# Java VM: OpenJDK 64-Bit Server VM (11.0.5+10-b520.17, mixed mode, aot, sharing, tiered, compressed oops, g1 gc, windows-amd64)
# No core dump will be written. Minidumps are not enabled by default on client versions of Windows
#

---------------  S U M M A R Y ------------

Command Line: org.jetbrains.git4idea.http.GitAskPassApp Username for 'https://gitee.com': 

Host: Intel(R) Core(TM) i7-9750H CPU @ 2.60GHz, 12 cores, 7G,  Windows 10 , 64 bit Build 18362 (10.0.18362.329)
Time: Fri Mar 13 18:00:17 2020 ?D1¨²¡À¨º¡Á?¨º¡À?? elapsed time: 0 seconds (0d 0h 0m 0s)

---------------  T H R E A D  ---------------

Current thread (0x0000020c4a7e7000):  JavaThread "Unknown thread" [_thread_in_vm, id=17208, stack(0x0000009b96000000,0x0000009b96100000)]

Stack: [0x0000009b96000000,0x0000009b96100000]
Native frames: (J=compiled Java code, j=interpreted, Vv=VM code, C=native code)
V  [jvm.dll+0x5dcafa]
V  [jvm.dll+0x70e375]
V  [jvm.dll+0x70f898]
V  [jvm.dll+0x70ff63]
V  [jvm.dll+0x23e238]
V  [jvm.dll+0x5da1c4]
V  [jvm.dll+0x5cf265]
V  [jvm.dll+0x2fac3b]
V  [jvm.dll+0x2fabaa]
V  [jvm.dll+0x2faa82]
V  [jvm.dll+0x2ff956]
V  [jvm.dll+0x3480d3]
V  [jvm.dll+0x3487d6]
V  [jvm.dll+0x3481d3]
V  [jvm.dll+0x2d5548]
V  [jvm.dll+0x2d66e7]
V  [jvm.dll+0x6ed237]
V  [jvm.dll+0x6eea2c]
V  [jvm.dll+0x355849]
V  [jvm.dll+0x6d239e]
V  [jvm.dll+0x3be283]
V  [jvm.dll+0x3c0701]
C  [jli.dll+0x5363]
C  [ucrtbase.dll+0x20e72]
C  [KERNEL32.DLL+0x17bd4]
C  [ntdll.dll+0x6ced1]


---------------  P R O C E S S  ---------------

Threads class SMR info:
_java_thread_list=0x0000020c48574d70, length=0, elements={
}

Java Threads: ( => current thread )

Other Threads:
  0x0000020c4a7fe800 GCTaskThread "GC Thread#0" [stack: 0x0000009b96100000,0x0000009b96200000] [id=10532]
  0x0000020c4a831800 ConcurrentGCThread "G1 Main Marker" [stack: 0x0000009b96200000,0x0000009b96300000] [id=16564]
  0x0000020c4a832800 ConcurrentGCThread "G1 Conc#0" [stack: 0x0000009b96300000,0x0000009b96400000] [id=9872]

[error occurred during error reporting (printing all threads), id 0xc0000005, EXCEPTION_ACCESS_VIOLATION (0xc0000005) at pc=0x00007ffffb3a5c17]

VM state:not at safepoint (not fully initialized)

VM Mutex/Monitor currently owned by a thread:  ([mutex/lock_event])
[0x0000020c4a7e4e60] Heap_lock - owner thread: 0x0000020c4a7e7000

Heap address: 0x0000000081400000, size: 2028 MB, Compressed Oops mode: Non-zero based: 0x0000000081400000
Narrow klass base: 0x0000000000000000, Narrow klass shift: 0

GC Heap History (0 events):
No events

Deoptimization events (0 events):
No events

Classes redefined (0 events):
No events

Internal exceptions (0 events):
No events

Events (0 events):
No events


Dynamic libraries:
0x00007ff70ce70000 - 0x00007ff70ce7a000 	D:\idea\IntelliJ IDEA 2019.3.1\jbr\bin\java.exe
0x00007ff8414c0000 - 0x00007ff8416b0000 	C:\Windows\SYSTEM32\ntdll.dll
0x00007ff840fa0000 - 0x00007ff841052000 	C:\Windows\System32\KERNEL32.DLL
0x00007ff83f2c0000 - 0x00007ff83f563000 	C:\Windows\System32\KERNELBASE.dll
0x00007ff83f1c0000 - 0x00007ff83f2ba000 	C:\Windows\System32\ucrtbase.dll
0x00007ff827280000 - 0x00007ff827299000 	D:\idea\IntelliJ IDEA 2019.3.1\jbr\bin\jli.dll
0x00007ff839060000 - 0x00007ff839077000 	D:\idea\IntelliJ IDEA 2019.3.1\jbr\bin\VCRUNTIME140.dll
0x00007ff840a00000 - 0x00007ff840b94000 	C:\Windows\System32\USER32.dll
0x00007ff83efe0000 - 0x00007ff83f001000 	C:\Windows\System32\win32u.dll
0x00007ff83fdb0000 - 0x00007ff83fdd6000 	C:\Windows\System32\GDI32.dll
0x00007ff83eca0000 - 0x00007ff83ee34000 	C:\Windows\System32\gdi32full.dll
0x00007ff83f120000 - 0x00007ff83f1be000 	C:\Windows\System32\msvcp_win.dll
0x00007ff826db0000 - 0x00007ff827035000 	C:\Windows\WinSxS\amd64_microsoft.windows.common-controls_6595b64144ccf1df_6.0.18362.719_none_e6c7b883130c6729\COMCTL32.dll
0x00007ff840da0000 - 0x00007ff840e3e000 	C:\Windows\System32\msvcrt.dll
0x00007ff83f5a0000 - 0x00007ff83f8d6000 	C:\Windows\System32\combase.dll
0x00007ff840c00000 - 0x00007ff840d20000 	C:\Windows\System32\RPCRT4.dll
0x00007ff83f0a0000 - 0x00007ff83f120000 	C:\Windows\System32\bcryptPrimitives.dll
0x00007ff83f570000 - 0x00007ff83f59e000 	C:\Windows\System32\IMM32.DLL
0x00007ff82c4f0000 - 0x00007ff82c58d000 	D:\idea\IntelliJ IDEA 2019.3.1\jbr\bin\msvcp140.dll
0x00007ffffb0c0000 - 0x00007ffffbb7b000 	D:\idea\IntelliJ IDEA 2019.3.1\jbr\bin\server\jvm.dll
0x00007ff8411a0000 - 0x00007ff841243000 	C:\Windows\System32\ADVAPI32.dll
0x00007ff840960000 - 0x00007ff8409f7000 	C:\Windows\System32\sechost.dll
0x00007ff840000000 - 0x00007ff840008000 	C:\Windows\System32\PSAPI.DLL
0x00007ff834cb0000 - 0x00007ff834cd4000 	C:\Windows\SYSTEM32\WINMM.dll
0x00007ff837c50000 - 0x00007ff837c5a000 	C:\Windows\SYSTEM32\VERSION.dll
0x00007ff834c80000 - 0x00007ff834cad000 	C:\Windows\SYSTEM32\winmmbase.dll
0x00007ff83ef90000 - 0x00007ff83efda000 	C:\Windows\System32\cfgmgr32.dll
0x00007ff81ff60000 - 0x00007ff81ff69000 	C:\Windows\SYSTEM32\WSOCK32.dll
0x00007ff841060000 - 0x00007ff8410cf000 	C:\Windows\System32\WS2_32.dll
0x00007ff83e390000 - 0x00007ff83e3a1000 	C:\Windows\System32\kernel.appcore.dll
0x00007ff82d3c0000 - 0x00007ff82d3d1000 	D:\idea\IntelliJ IDEA 2019.3.1\jbr\bin\verify.dll
0x00007ff83ccc0000 - 0x00007ff83ceb4000 	C:\Windows\SYSTEM32\DBGHELP.DLL
0x00007ff837230000 - 0x00007ff83725a000 	C:\Windows\SYSTEM32\dbgcore.DLL
0x00007ff82d390000 - 0x00007ff82d3b9000 	D:\idea\IntelliJ IDEA 2019.3.1\jbr\bin\java.dll
0x00007ff827260000 - 0x00007ff827277000 	D:\idea\IntelliJ IDEA 2019.3.1\jbr\bin\zip.dll
0x00007ff834c50000 - 0x00007ff834c5b000 	D:\idea\IntelliJ IDEA 2019.3.1\jbr\bin\jimage.dll

dbghelp: loaded successfully - version: 4.0.5 - missing functions: none
symbol engine: initialized successfully - sym options: 0x614 - pdb path: .;D:\idea\IntelliJ IDEA 2019.3.1\jbr\bin;C:\Windows\SYSTEM32;C:\Windows\WinSxS\amd64_microsoft.windows.common-controls_6595b64144ccf1df_6.0.18362.719_none_e6c7b883130c6729;D:\idea\IntelliJ IDEA 2019.3.1\jbr\bin\server

VM Arguments:
java_command: org.jetbrains.git4idea.http.GitAskPassApp Username for 'https://gitee.com': 
java_class_path (initial): D:/idea/IntelliJ IDEA 2019.3.1/plugins/git4idea/lib/git4idea-rt.jar;D:/idea/IntelliJ IDEA 2019.3.1/lib/xmlrpc-2.0.1.jar;D:/idea/IntelliJ IDEA 2019.3.1/lib/commons-codec-1.13.jar;D:/idea/IntelliJ IDEA 2019.3.1/lib/util.jar
Launcher Type: SUN_STANDARD

[Global flags]
     intx CICompilerCount                          = 4                                         {product} {ergonomic}
     uint ConcGCThreads                            = 3                                         {product} {ergonomic}
     uint G1ConcRefinementThreads                  = 10                                        {product} {ergonomic}
   size_t G1HeapRegionSize                         = 1048576                                   {product} {ergonomic}
    uintx GCDrainStackTargetSize                   = 64                                        {product} {ergonomic}
   size_t InitialHeapSize                          = 134217728                                 {product} {ergonomic}
   size_t MarkStackSize                            = 4194304                                   {product} {ergonomic}
   size_t MaxHeapSize                              = 2126512128                                {product} {ergonomic}
   size_t MinHeapDeltaBytes                        = 1048576                                   {product} {ergonomic}
    uintx NonNMethodCodeHeapSize                   = 5836300                                {pd product} {ergonomic}
    uintx NonProfiledCodeHeapSize                  = 122910970                              {pd product} {ergonomic}
    uintx ProfiledCodeHeapSize                     = 122910970                              {pd product} {ergonomic}
    uintx ReservedCodeCacheSize                    = 251658240                              {pd product} {ergonomic}
     bool SegmentedCodeCache                       = true                                      {product} {ergonomic}
     bool UseCompressedClassPointers               = true                                 {lp64_product} {ergonomic}
     bool UseCompressedOops                        = true                                 {lp64_product} {ergonomic}
     bool UseG1GC                                  = true                                      {product} {ergonomic}
     bool UseLargePagesIndividualAllocation        = false                                  {pd product} {ergonomic}

Logging:
Log output configuration:
 #0: stdout all=warning uptime,level,tags
 #1: stderr all=off uptime,level,tags

Environment Variables:
PATH=C:\Program Files\Git\mingw64\libexec\git-core;C:\Program Files\Git\mingw64\libexec\git-core;C:\Program Files\Git\mingw64\bin;C:\Program Files\Git\usr\bin;C:\Users\lxh\bin;C:\Windows\system32;C:\Windows;C:\Windows\System32\Wbem;C:\Windows\System32\WindowsPowerShell\v1.0;C:\Windows\System32\OpenSSH;C:\Program Files (x86)\NVIDIA Corporation\PhysX\Common;C:\Program Files\NVIDIA Corporation\NVIDIA NvDLISR;C:\Program Files\Git\cmd;C:\Users\lxh\AppData\Local\Microsoft\WindowsApps
USERNAME=lxh
DISPLAY=:0.0
OS=Windows_NT
PROCESSOR_IDENTIFIER=Intel64 Family 6 Model 158 Stepping 10, GenuineIntel



---------------  S Y S T E M  ---------------

OS: Windows 10 , 64 bit Build 18362 (10.0.18362.329)

CPU:total 12 (initial active 12) (6 cores per cpu, 2 threads per core) family 6 model 158 stepping 10, cmov, cx8, fxsr, mmx, sse, sse2, sse3, ssse3, sse4.1, sse4.2, popcnt, avx, avx2, aes, clmul, erms, 3dnowpref, lzcnt, ht, tsc, tscinvbit, bmi1, bmi2, adx, fma

Memory: 4k page, system-wide physical 8111M (1243M free)
TotalPageFile size 20911M (AvailPageFile size 60M)
current process WorkingSet (physical memory assigned to process): 10M, peak: 10M
current process commit charge ("private bytes"): 64M, peak: 192M

vm_info: OpenJDK 64-Bit Server VM (11.0.5+10-b520.17) for windows-amd64 JRE (11.0.5+10-b520.17), built on Dec  2 2019 12:11:34 by "" with MS VC++ 14.0 (VS2015)

END.
